0 info it worked if it ends with ok
1 verbose cli [ 'E:\\Program Files\\nodejs\\node.exe',
1 verbose cli   'E:\\Program Files\\nodejs\\node_modules\\npm\\bin\\npm-cli.js',
1 verbose cli   'install',
1 verbose cli   '-g',
1 verbose cli   'n' ]
2 info using npm@2.14.7
3 info using node@v4.2.1
4 verbose install initial load of C:\Users\demons\AppData\Roaming\npm\package.json
5 verbose readDependencies loading dependencies from C:\Users\demons\AppData\Roaming\npm\package.json
6 silly cache add args [ 'n', null ]
7 verbose cache add spec n
8 silly cache add parsed spec Result {
8 silly cache add   raw: 'n',
8 silly cache add   scope: null,
8 silly cache add   name: 'n',
8 silly cache add   rawSpec: '',
8 silly cache add   spec: '*',
8 silly cache add   type: 'range' }
9 silly addNamed n@*
10 verbose addNamed "*" is a valid semver range for n
11 silly addNameRange { name: 'n', range: '*', hasData: false }
12 silly mapToRegistry name n
13 silly mapToRegistry using default registry
14 silly mapToRegistry registry https://registry.npmjs.org/
15 silly mapToRegistry uri https://registry.npmjs.org/n
16 verbose addNameRange registry:https://registry.npmjs.org/n not in flight; fetching
17 verbose request uri https://registry.npmjs.org/n
18 verbose request no auth needed
19 info attempt registry request try #1 at 13:18:21
20 verbose request id 547494e830eda86f
21 http request GET https://registry.npmjs.org/n
22 http 200 https://registry.npmjs.org/n
23 verbose headers { server: 'nginx/1.10.3',
23 verbose headers   'content-type': 'application/json',
23 verbose headers   'last-modified': 'Fri, 04 Aug 2017 09:54:49 GMT',
23 verbose headers   etag: 'W/"59844469-116c0"',
23 verbose headers   'content-encoding': 'gzip',
23 verbose headers   'cache-control': 'max-age=300',
23 verbose headers   'content-length': '11789',
23 verbose headers   'accept-ranges': 'bytes',
23 verbose headers   date: 'Sat, 12 Aug 2017 05:16:02 GMT',
23 verbose headers   via: '1.1 varnish',
23 verbose headers   age: '0',
23 verbose headers   connection: 'keep-alive',
23 verbose headers   'x-served-by': 'cache-hkg17931-HKG',
23 verbose headers   'x-cache': 'HIT',
23 verbose headers   'x-cache-hits': '1',
23 verbose headers   'x-timer': 'S1502514962.383374,VS0,VE204',
23 verbose headers   vary: 'Accept-Encoding, Accept' }
24 silly get cb [ 200,
24 silly get   { server: 'nginx/1.10.3',
24 silly get     'content-type': 'application/json',
24 silly get     'last-modified': 'Fri, 04 Aug 2017 09:54:49 GMT',
24 silly get     etag: 'W/"59844469-116c0"',
24 silly get     'content-encoding': 'gzip',
24 silly get     'cache-control': 'max-age=300',
24 silly get     'content-length': '11789',
24 silly get     'accept-ranges': 'bytes',
24 silly get     date: 'Sat, 12 Aug 2017 05:16:02 GMT',
24 silly get     via: '1.1 varnish',
24 silly get     age: '0',
24 silly get     connection: 'keep-alive',
24 silly get     'x-served-by': 'cache-hkg17931-HKG',
24 silly get     'x-cache': 'HIT',
24 silly get     'x-cache-hits': '1',
24 silly get     'x-timer': 'S1502514962.383374,VS0,VE204',
24 silly get     vary: 'Accept-Encoding, Accept' } ]
25 verbose get saving n to C:\Users\demons\AppData\Roaming\npm-cache\registry.npmjs.org\n\.cache.json
26 silly addNameRange number 2 { name: 'n', range: '*', hasData: true }
27 silly addNameRange versions [ 'n',
27 silly addNameRange   [ '0.0.1',
27 silly addNameRange     '0.0.2',
27 silly addNameRange     '0.0.3',
27 silly addNameRange     '0.0.4',
27 silly addNameRange     '0.1.0',
27 silly addNameRange     '0.1.1',
27 silly addNameRange     '0.1.2',
27 silly addNameRange     '0.2.0',
27 silly addNameRange     '0.2.1',
27 silly addNameRange     '0.2.2',
27 silly addNameRange     '0.3.0',
27 silly addNameRange     '0.4.0',
27 silly addNameRange     '0.4.1',
27 silly addNameRange     '0.4.2',
27 silly addNameRange     '0.5.0',
27 silly addNameRange     '0.5.1',
27 silly addNameRange     '0.5.2',
27 silly addNameRange     '0.5.3',
27 silly addNameRange     '0.5.4',
27 silly addNameRange     '0.6.0',
27 silly addNameRange     '0.6.1',
27 silly addNameRange     '0.7.0',
27 silly addNameRange     '0.7.1',
27 silly addNameRange     '0.7.2',
27 silly addNameRange     '0.7.3',
27 silly addNameRange     '0.8.0',
27 silly addNameRange     '0.8.1',
27 silly addNameRange     '0.8.2',
27 silly addNameRange     '0.9.0',
27 silly addNameRange     '0.9.1',
27 silly addNameRange     '0.9.2',
27 silly addNameRange     '0.9.3',
27 silly addNameRange     '1.0.0',
27 silly addNameRange     '1.1.0',
27 silly addNameRange     '1.2.1',
27 silly addNameRange     '1.2.2',
27 silly addNameRange     '1.2.3',
27 silly addNameRange     '1.2.4',
27 silly addNameRange     '1.2.5',
27 silly addNameRange     '1.2.6',
27 silly addNameRange     '1.2.7',
27 silly addNameRange     '1.2.8',
27 silly addNameRange     '1.2.9',
27 silly addNameRange     '1.2.11',
27 silly addNameRange     '1.2.13',
27 silly addNameRange     '1.2.14',
27 silly addNameRange     '1.3.0',
27 silly addNameRange     '1.4.0',
27 silly addNameRange     '2.0.0',
27 silly addNameRange     '1.4.1',
27 silly addNameRange     '2.0.1',
27 silly addNameRange     '1.4.2',
27 silly addNameRange     '2.0.2',
27 silly addNameRange     '2.1.0',
27 silly addNameRange     '2.1.1',
27 silly addNameRange     '2.1.2',
27 silly addNameRange     '2.1.3',
27 silly addNameRange     '2.1.4',
27 silly addNameRange     '2.1.5',
27 silly addNameRange     '2.1.6',
27 silly addNameRange     '2.1.7',
27 silly addNameRange     '2.1.8' ] ]
28 silly addNamed n@2.1.8
29 verbose addNamed "2.1.8" is a plain semver version for n
30 silly mapToRegistry name n
31 silly mapToRegistry using default registry
32 silly mapToRegistry registry https://registry.npmjs.org/
33 silly mapToRegistry uri https://registry.npmjs.org/n
34 verbose addRemoteTarball https://registry.npmjs.org/n/-/n-2.1.8.tgz not in flight; adding
35 verbose addRemoteTarball [ 'https://registry.npmjs.org/n/-/n-2.1.8.tgz',
35 verbose addRemoteTarball   '9b770f6ae0a93c49c64fb614625a63cc5a22d1fd' ]
36 info retry fetch attempt 1 at 13:18:23
37 info attempt registry request try #1 at 13:18:23
38 http fetch GET https://registry.npmjs.org/n/-/n-2.1.8.tgz
39 http fetch 200 https://registry.npmjs.org/n/-/n-2.1.8.tgz
40 silly fetchAndShaCheck shasum 9b770f6ae0a93c49c64fb614625a63cc5a22d1fd
41 verbose addTmpTarball C:\Users\demons\AppData\Local\Temp\npm-5036-ed322be2\registry.npmjs.org\n\-\n-2.1.8.tgz not in flight; adding
42 verbose addTmpTarball already have metadata; skipping unpack for n@2.1.8
43 silly cache afterAdd n@2.1.8
44 verbose afterAdd C:\Users\demons\AppData\Roaming\npm-cache\n\2.1.8\package\package.json not in flight; writing
45 verbose afterAdd C:\Users\demons\AppData\Roaming\npm-cache\n\2.1.8\package\package.json written
46 silly install resolved [ { name: 'n',
46 silly install resolved     description: 'Interactively Manage All Your Node Versions',
46 silly install resolved     version: '2.1.8',
46 silly install resolved     author: { name: 'TJ Holowaychuk', email: 'tj@vision-media.ca' },
46 silly install resolved     homepage: 'https://github.com/tj/n',
46 silly install resolved     bugs: { url: 'https://github.com/tj/n/issues' },
46 silly install resolved     contributors: [ [Object], [Object], [Object] ],
46 silly install resolved     keywords:
46 silly install resolved      [ 'nvm',
46 silly install resolved        'node',
46 silly install resolved        'version',
46 silly install resolved        'manager',
46 silly install resolved        'switcher',
46 silly install resolved        'node',
46 silly install resolved        'binary',
46 silly install resolved        'env' ],
46 silly install resolved     bin: { n: './bin/n' },
46 silly install resolved     repository: { type: 'git', url: 'git://github.com/tj/n.git' },
46 silly install resolved     preferGlobal: true,
46 silly install resolved     os: [ '!win32' ],
46 silly install resolved     engines: { node: '*' },
46 silly install resolved     license: 'MIT',
46 silly install resolved     gitHead: '14ab6ff01f3b673e2e29f465a00e0b29643bb8d9',
46 silly install resolved     _id: 'n@2.1.8',
46 silly install resolved     _npmVersion: '5.0.3',
46 silly install resolved     _nodeVersion: '8.1.2',
46 silly install resolved     _npmUser: { name: 'troy0820', email: 'troy0820@gmail.com' },
46 silly install resolved     dist:
46 silly install resolved      { integrity: 'sha512-VN3To6jBHSdTHmv+fT00V1nBdj3MWdcOlEKBEaUtXKRqQhuN289B9Jym9P/L3rXfafAsapmh4Fcr/DUR8DGJVg==',
46 silly install resolved        shasum: '9b770f6ae0a93c49c64fb614625a63cc5a22d1fd',
46 silly install resolved        tarball: 'https://registry.npmjs.org/n/-/n-2.1.8.tgz' },
46 silly install resolved     maintainers: [ [Object], [Object], [Object], [Object], [Object], [Object] ],
46 silly install resolved     _npmOperationalInternal:
46 silly install resolved      { host: 's3://npm-registry-packages',
46 silly install resolved        tmp: 'tmp/n-2.1.8.tgz_1498880450388_0.9696143395267427' },
46 silly install resolved     directories: {},
46 silly install resolved     _shasum: '9b770f6ae0a93c49c64fb614625a63cc5a22d1fd',
46 silly install resolved     _resolved: 'https://registry.npmjs.org/n/-/n-2.1.8.tgz',
46 silly install resolved     _from: 'n@*' } ]
47 info install n@2.1.8 into C:\Users\demons\AppData\Roaming\npm
48 info installOne n@2.1.8
49 verbose installOne of n to C:\Users\demons\AppData\Roaming\npm not in flight; installing
50 verbose lock using C:\Users\demons\AppData\Roaming\npm-cache\_locks\n-51d48fe5c70f6b5e.lock for C:\Users\demons\AppData\Roaming\npm\node_modules\n
51 verbose unlock done using C:\Users\demons\AppData\Roaming\npm-cache\_locks\n-51d48fe5c70f6b5e.lock for C:\Users\demons\AppData\Roaming\npm\node_modules\n
52 verbose stack Error: Unsupported
52 verbose stack     at checkPlatform (E:\Program Files\nodejs\node_modules\npm\node_modules\npm-install-checks\index.js:47:14)
52 verbose stack     at Array.<anonymous> (E:\Program Files\nodejs\node_modules\npm\node_modules\slide\lib\bind-actor.js:15:8)
52 verbose stack     at LOOP (E:\Program Files\nodejs\node_modules\npm\node_modules\slide\lib\chain.js:15:14)
52 verbose stack     at E:\Program Files\nodejs\node_modules\npm\node_modules\slide\lib\chain.js:18:7
52 verbose stack     at checkEngine (E:\Program Files\nodejs\node_modules\npm\node_modules\npm-install-checks\index.js:26:10)
52 verbose stack     at Array.<anonymous> (E:\Program Files\nodejs\node_modules\npm\node_modules\slide\lib\bind-actor.js:15:8)
52 verbose stack     at LOOP (E:\Program Files\nodejs\node_modules\npm\node_modules\slide\lib\chain.js:15:14)
52 verbose stack     at chain (E:\Program Files\nodejs\node_modules\npm\node_modules\slide\lib\chain.js:20:5)
52 verbose stack     at E:\Program Files\nodejs\node_modules\npm\lib\install.js:1038:5
52 verbose stack     at E:\Program Files\nodejs\node_modules\npm\lib\utils\locker.js:39:7
53 verbose pkgid n@2.1.8
54 verbose cwd C:\Users\demons\PhpstormProjects\macro-loader
55 error Windows_NT 6.3.9600
56 error argv "E:\\Program Files\\nodejs\\node.exe" "E:\\Program Files\\nodejs\\node_modules\\npm\\bin\\npm-cli.js" "install" "-g" "n"
57 error node v4.2.1
58 error npm  v2.14.7
59 error code EBADPLATFORM
60 error notsup Unsupported
60 error notsup Not compatible with your operating system or architecture: n@2.1.8
60 error notsup Valid OS:    !win32
60 error notsup Valid Arch:  any
60 error notsup Actual OS:   win32
60 error notsup Actual Arch: x64
61 verbose exit [ 1, true ]
